<?xml version="1.0" encoding="UTF-8"?>
<!-- Generated by org.testng.reporters.JUnitReportReporter -->
<testsuite hostname="PC1446NB" failures="0" tests="1" name="tests.searchItem.SearchItem" time="7.728" errors="0" timestamp="2022-01-06T21:33:00 MSK" skipped="0">
  <testcase classname="tests.searchItem.SearchItem" name="checkIsRegionChange" time="7.728"/>
  <system-out/>
</testsuite> <!-- tests.searchItem.SearchItem -->
